0.000000e+000 0.000000e+000 -1.089947e+000 -3.259092e-005 
0.000000e+000 1.000000e-002 -1.090013e+000 -9.124553e-006 
0.000000e+000 2.000000e-002 -1.090022e+000 3.859759e-007 
0.000000e+000 3.000000e-002 -1.090011e+000 6.708541e-007 
0.000000e+000 4.000000e-002 -1.090009e+000 -3.857558e-009 
0.000000e+000 5.000000e-002 -1.090009e+000 7.972344e-009 
0.000000e+000 6.000000e-002 -1.090010e+000 -1.076187e-009 
0.000000e+000 7.000000e-002 -1.090010e+000 -4.681600e-010 
0.000000e+000 8.000000e-002 -1.090011e+000 -6.103931e-010 
0.000000e+000 9.000000e-002 -1.090011e+000 -4.169903e-010 
0.000000e+000 1.000000e-001 -1.090011e+000 -3.201579e-010 
0.000000e+000 1.100000e-001 -1.090011e+000 -2.396107e-010 
0.000000e+000 1.200000e-001 -1.090011e+000 -1.850128e-010 
0.000000e+000 1.300000e-001 -1.090011e+000 -1.451060e-010 
0.000000e+000 1.400000e-001 -1.090012e+000 -1.160368e-010 
0.000000e+000 1.500000e-001 -1.090012e+000 -9.429040e-011 
0.000000e+000 1.600000e-001 -1.090012e+000 -7.775440e-011 
0.000000e+000 1.700000e-001 -1.090012e+000 -6.494191e-011 
0.000000e+000 1.800000e-001 -1.090012e+000 -5.485312e-011 
0.000000e+000 1.900000e-001 -1.090012e+000 -4.679012e-011 
0.000000e+000 2.000000e-001 -1.090012e+000 -4.026620e-011 
0.000000e+000 2.100000e-001 -1.090012e+000 -3.491925e-011 
0.000000e+000 2.200000e-001 -1.090012e+000 -3.048060e-011 
0.000000e+000 2.300000e-001 -1.090012e+000 -2.676298e-011 
0.000000e+000 2.400000e-001 -1.090012e+000 -2.362007e-011 
0.000000e+000 2.500000e-001 -1.090012e+000 -2.093865e-011 
0.000000e+000 2.600000e-001 -1.090012e+000 -1.863458e-011 
0.000000e+000 2.700000e-001 -1.090012e+000 -1.664028e-011 
0.000000e+000 2.800000e-001 -1.090012e+000 -1.489758e-011 
0.000000e+000 2.900000e-001 -1.090012e+000 -1.336775e-011 
0.000000e+000 3.000000e-001 -1.090012e+000 -1.201731e-011 
0.000000e+000 3.100000e-001 -1.090012e+000 -1.081694e-011 
0.000000e+000 3.200000e-001 -1.090012e+000 -9.746074e-012 
0.000000e+000 3.300000e-001 -1.090012e+000 -8.784797e-012 
0.000000e+000 3.400000e-001 -1.090012e+000 -7.915600e-012 
0.000000e+000 3.500000e-001 -1.090012e+000 -7.127964e-012 
0.000000e+000 3.600000e-001 -1.090012e+000 -6.407016e-012 
0.000000e+000 3.700000e-001 -1.090012e+000 -5.744858e-012 
0.000000e+000 3.800000e-001 -1.090012e+000 -5.139750e-012 
0.000000e+000 3.900000e-001 -1.090012e+000 -4.579354e-012 
0.000000e+000 4.000000e-001 -1.090012e+000 -4.058742e-012 
0.000000e+000 4.100000e-001 -1.090012e+000 -3.565805e-012 
0.000000e+000 4.200000e-001 -1.090012e+000 -3.100792e-012 
0.000000e+000 4.300000e-001 -1.090012e+000 -2.666260e-012 
0.000000e+000 4.400000e-001 -1.090012e+000 -2.249840e-012 
0.000000e+000 4.500000e-001 -1.090012e+000 -1.849165e-012 
0.000000e+000 4.600000e-001 -1.090012e+000 -1.460419e-012 
0.000000e+000 4.700000e-001 -1.090012e+000 -1.086995e-012 
0.000000e+000 4.800000e-001 -1.090012e+000 -7.209211e-013 
0.000000e+000 4.900000e-001 -1.090012e+000 -3.561994e-013 
0.000000e+000 5.000000e-001 -1.090012e+000 6.147125e-016 
0.000000e+000 5.100000e-001 -1.090012e+000 3.551396e-013 
0.000000e+000 5.200000e-001 -1.090012e+000 7.159767e-013 
0.000000e+000 5.300000e-001 -1.090012e+000 1.088359e-012 
0.000000e+000 5.400000e-001 -1.090012e+000 1.466278e-012 
0.000000e+000 5.500000e-001 -1.090012e+000 1.848288e-012 
0.000000e+000 5.600000e-001 -1.090012e+000 2.247612e-012 
0.000000e+000 5.700000e-001 -1.090012e+000 2.667242e-012 
0.000000e+000 5.800000e-001 -1.090012e+000 3.103243e-012 
0.000000e+000 5.900000e-001 -1.090012e+000 3.565684e-012 
0.000000e+000 6.000000e-001 -1.090012e+000 4.060769e-012 
0.000000e+000 6.100000e-001 -1.090012e+000 4.581120e-012 
0.000000e+000 6.200000e-001 -1.090012e+000 5.139021e-012 
0.000000e+000 6.300000e-001 -1.090012e+000 5.747676e-012 
0.000000e+000 6.400000e-001 -1.090012e+000 6.404230e-012 
0.000000e+000 6.500000e-001 -1.090012e+000 7.124778e-012 
0.000000e+000 6.600000e-001 -1.090012e+000 7.918079e-012 
0.000000e+000 6.700000e-001 -1.090012e+000 8.786701e-012 
0.000000e+000 6.800000e-001 -1.090012e+000 9.746017e-012 
0.000000e+000 6.900000e-001 -1.090012e+000 1.081752e-011 
0.000000e+000 7.000000e-001 -1.090012e+000 1.201772e-011 
0.000000e+000 7.100000e-001 -1.090012e+000 1.336600e-011 
0.000000e+000 7.200000e-001 -1.090012e+000 1.489490e-011 
0.000000e+000 7.300000e-001 -1.090012e+000 1.663560e-011 
0.000000e+000 7.400000e-001 -1.090012e+000 1.863312e-011 
0.000000e+000 7.500000e-001 -1.090012e+000 2.094019e-011 
0.000000e+000 7.600000e-001 -1.090012e+000 2.362243e-011 
0.000000e+000 7.700000e-001 -1.090012e+000 2.676296e-011 
0.000000e+000 7.800000e-001 -1.090012e+000 3.047722e-011 
0.000000e+000 7.900000e-001 -1.090012e+000 3.491630e-011 
0.000000e+000 8.000000e-001 -1.090012e+000 4.027149e-011 
0.000000e+000 8.100000e-001 -1.090012e+000 4.679709e-011 
0.000000e+000 8.200000e-001 -1.090012e+000 5.485099e-011 
0.000000e+000 8.300000e-001 -1.090012e+000 6.493960e-011 
0.000000e+000 8.400000e-001 -1.090012e+000 7.775395e-011 
0.000000e+000 8.500000e-001 -1.090012e+000 9.429022e-011 
0.000000e+000 8.600000e-001 -1.090012e+000 1.160379e-010 
0.000000e+000 8.700000e-001 -1.090011e+000 1.451084e-010 
0.000000e+000 8.800000e-001 -1.090011e+000 1.850094e-010 
0.000000e+000 8.900000e-001 -1.090011e+000 2.396076e-010 
0.000000e+000 9.000000e-001 -1.090011e+000 3.201622e-010 
0.000000e+000 9.100000e-001 -1.090011e+000 4.169908e-010 
0.000000e+000 9.200000e-001 -1.090011e+000 6.103883e-010 
0.000000e+000 9.300000e-001 -1.090010e+000 4.681603e-010 
0.000000e+000 9.400000e-001 -1.090010e+000 1.076192e-009 
0.000000e+000 9.500000e-001 -1.090009e+000 -7.972342e-009 
0.000000e+000 9.600000e-001 -1.090009e+000 3.857556e-009 
0.000000e+000 9.700000e-001 -1.090011e+000 -6.708541e-007 
0.000000e+000 9.800000e-001 -1.090022e+000 -3.859759e-007 
0.000000e+000 9.900000e-001 -1.090013e+000 9.124553e-006 
0.000000e+000 1.000000e+000 -1.089947e+000 3.259092e-005 
1.000000e+000 0.000000e+000 4.602661e+000 -1.101915e-004 
1.000000e+000 1.000000e-002 4.602882e+000 -3.137559e-005 
1.000000e+000 2.000000e-002 4.602914e+000 1.536886e-006 
1.000000e+000 3.000000e-002 4.602872e+000 2.374897e-006 
1.000000e+000 4.000000e-002 4.602861e+000 -2.152702e-009 
1.000000e+000 5.000000e-002 4.602861e+000 2.982887e-008 
1.000000e+000 6.000000e-002 4.602861e+000 -1.024980e-009 
1.000000e+000 7.000000e-002 4.602861e+000 -6.238705e-011 
1.000000e+000 8.000000e-002 4.602861e+000 -8.758045e-010 
1.000000e+000 9.000000e-002 4.602861e+000 -5.313678e-010 
1.000000e+000 1.000000e-001 4.602861e+000 -3.939897e-010 
1.000000e+000 1.100000e-001 4.602861e+000 -2.656777e-010 
1.000000e+000 1.200000e-001 4.602861e+000 -1.852673e-010 
1.000000e+000 1.300000e-001 4.602861e+000 -1.294506e-010 
1.000000e+000 1.400000e-001 4.602861e+000 -9.178620e-011 
1.000000e+000 1.500000e-001 4.602861e+000 -6.566669e-011 
1.000000e+000 1.600000e-001 4.602861e+000 -4.736021e-011 
1.000000e+000 1.700000e-001 4.602861e+000 -3.431395e-011 
1.000000e+000 1.800000e-001 4.602861e+000 -2.489250e-011 
1.000000e+000 1.900000e-001 4.602861e+000 -1.800107e-011 
1.000000e+000 2.000000e-001 4.602861e+000 -1.290390e-011 
1.000000e+000 2.100000e-001 4.602860e+000 -9.098790e-012 
1.000000e+000 2.200000e-001 4.602860e+000 -6.236650e-012 
1.000000e+000 2.300000e-001 4.602860e+000 -4.069711e-012 
1.000000e+000 2.400000e-001 4.602860e+000 -2.423303e-012 
1.000000e+000 2.500000e-001 4.602860e+000 -1.171085e-012 
1.000000e+000 2.600000e-001 4.602860e+000 -2.201170e-013 
1.000000e+000 2.700000e-001 4.602860e+000 4.992037e-013 
1.000000e+000 2.800000e-001 4.602860e+000 1.038050e-012 
1.000000e+000 2.900000e-001 4.602860e+000 1.436141e-012 
1.000000e+000 3.000000e-001 4.602860e+000 1.721673e-012 
1.000000e+000 3.100000e-001 4.602860e+000 1.918228e-012 
1.000000e+000 3.200000e-001 4.602860e+000 2.043030e-012 
1.000000e+000 3.300000e-001 4.602860e+000 2.110389e-012 
1.000000e+000 3.400000e-001 4.602860e+000 2.131567e-012 
1.000000e+000 3.500000e-001 4.602859e+000 2.115172e-012 
1.000000e+000 3.600000e-001 4.602859e+000 2.066305e-012 
1.000000e+000 3.700000e-001 4.602859e+000 1.992141e-012 
1.000000e+000 3.800000e-001 4.602859e+000 1.897605e-012 
1.000000e+000 3.900000e-001 4.602859e+000 1.785464e-012 
1.000000e+000 4.000000e-001 4.602859e+000 1.658601e-012 
1.000000e+000 4.100000e-001 4.602859e+000 1.520409e-012 
1.000000e+000 4.200000e-001 4.602859e+000 1.371808e-012 
1.000000e+000 4.300000e-001 4.602859e+000 1.216200e-012 
1.000000e+000 4.400000e-001 4.602859e+000 1.053773e-012 
1.000000e+000 4.500000e-001 4.602859e+000 8.849566e-013 
1.000000e+000 4.600000e-001 4.602859e+000 7.119820e-013 
1.000000e+000 4.700000e-001 4.602859e+000 5.376808e-013 
1.000000e+000 4.800000e-001 4.602859e+000 3.595644e-013 
1.000000e+000 4.900000e-001 4.602859e+000 1.800473e-013 
1.000000e+000 5.000000e-001 4.602859e+000 -1.144663e-016 
1.000000e+000 5.100000e-001 4.602859e+000 -1.795483e-013 
1.000000e+000 5.200000e-001 4.602859e+000 -3.597271e-013 
1.000000e+000 5.300000e-001 4.602859e+000 -5.376361e-013 
1.000000e+000 5.400000e-001 4.602859e+000 -7.129586e-013 
1.000000e+000 5.500000e-001 4.602859e+000 -8.849064e-013 
1.000000e+000 5.600000e-001 4.602859e+000 -1.052919e-012 
1.000000e+000 5.700000e-001 4.602859e+000 -1.215961e-012 
1.000000e+000 5.800000e-001 4.602859e+000 -1.372063e-012 
1.000000e+000 5.900000e-001 4.602859e+000 -1.520437e-012 
1.000000e+000 6.000000e-001 4.602859e+000 -1.658815e-012 
1.000000e+000 6.100000e-001 4.602859e+000 -1.785716e-012 
1.000000e+000 6.200000e-001 4.602859e+000 -1.897833e-012 
1.000000e+000 6.300000e-001 4.602859e+000 -1.992454e-012 
1.000000e+000 6.400000e-001 4.602859e+000 -2.066307e-012 
1.000000e+000 6.500000e-001 4.602859e+000 -2.114823e-012 
1.000000e+000 6.600000e-001 4.602860e+000 -2.132475e-012 
1.000000e+000 6.700000e-001 4.602860e+000 -2.111070e-012 
1.000000e+000 6.800000e-001 4.602860e+000 -2.043390e-012 
1.000000e+000 6.900000e-001 4.602860e+000 -1.918396e-012 
1.000000e+000 7.000000e-001 4.602860e+000 -1.721972e-012 
1.000000e+000 7.100000e-001 4.602860e+000 -1.435805e-012 
1.000000e+000 7.200000e-001 4.602860e+000 -1.038403e-012 
1.000000e+000 7.300000e-001 4.602860e+000 -4.995400e-013 
1.000000e+000 7.400000e-001 4.602860e+000 2.203207e-013 
1.000000e+000 7.500000e-001 4.602860e+000 1.171623e-012 
1.000000e+000 7.600000e-001 4.602860e+000 2.423730e-012 
1.000000e+000 7.700000e-001 4.602860e+000 4.069668e-012 
1.000000e+000 7.800000e-001 4.602860e+000 6.236042e-012 
1.000000e+000 7.900000e-001 4.602860e+000 9.098371e-012 
1.000000e+000 8.000000e-001 4.602861e+000 1.290337e-011 
1.000000e+000 8.100000e-001 4.602861e+000 1.800088e-011 
1.000000e+000 8.200000e-001 4.602861e+000 2.489281e-011 
1.000000e+000 8.300000e-001 4.602861e+000 3.431419e-011 
1.000000e+000 8.400000e-001 4.602861e+000 4.735999e-011 
1.000000e+000 8.500000e-001 4.602861e+000 6.566738e-011 
1.000000e+000 8.600000e-001 4.602861e+000 9.178646e-011 
1.000000e+000 8.700000e-001 4.602861e+000 1.294503e-010 
1.000000e+000 8.800000e-001 4.602861e+000 1.852677e-010 
1.000000e+000 8.900000e-001 4.602861e+000 2.656776e-010 
1.000000e+000 9.000000e-001 4.602861e+000 3.939892e-010 
1.000000e+000 9.100000e-001 4.602861e+000 5.313684e-010 
1.000000e+000 9.200000e-001 4.602861e+000 8.758053e-010 
1.000000e+000 9.300000e-001 4.602861e+000 6.238842e-011 
1.000000e+000 9.400000e-001 4.602861e+000 1.024980e-009 
1.000000e+000 9.500000e-001 4.602861e+000 -2.982887e-008 
1.000000e+000 9.600000e-001 4.602861e+000 2.152701e-009 
1.000000e+000 9.700000e-001 4.602872e+000 -2.374897e-006 
1.000000e+000 9.800000e-001 4.602914e+000 -1.536886e-006 
1.000000e+000 9.900000e-001 4.602882e+000 3.137559e-005 
1.000000e+000 1.000000e+000 4.602661e+000 1.101915e-004 
